<?xml version="1.0" encoding="UTF-8"?>
<testng-results skipped="0" failed="0" ignored="0" total="1" passed="1">
  <reporter-output>
  </reporter-output>
  <suite name="Default suite" duration-ms="26919" started-at="2018-03-04T20:50:48Z" finished-at="2018-03-04T20:51:15Z">
    <groups>
    </groups>
    <test name="Default test" duration-ms="26919" started-at="2018-03-04T20:50:48Z" finished-at="2018-03-04T20:51:15Z">
      <class name="Amazon.Amazon_signup">
        <test-method status="PASS" signature="Signup_Amazon(java.lang.String, java.lang.String, java.lang.String, java.lang.String)[pri:0, instance:Amazon.Amazon_signup@523884b2]" name="Signup_Amazon" duration-ms="26030" started-at="2018-03-04T20:50:49Z" data-provider="Amazon_signup" finished-at="2018-03-04T20:51:15Z">
          <params>
            <param index="0">
              <value>
                <![CDATA[Mat Artthur]]>
              </value>
            </param>
            <param index="1">
              <value>
                <![CDATA[9667809149]]>
              </value>
            </param>
            <param index="2">
              <value>
                <![CDATA[matarthurst@gmail.com]]>
              </value>
            </param>
            <param index="3">
              <value>
                <![CDATA[mat12345678]]>
              </value>
            </param>
          </params>
          <reporter-output>
          </reporter-output>
        </test-method> <!-- Signup_Amazon -->
      </class> <!-- Amazon.Amazon_signup -->
    </test> <!-- Default test -->
  </suite> <!-- Default suite -->
</testng-results>
